<?xml version="1.0" encoding="UTF-8" ?>
<testsuites>
  <testsuite errors="0" failures="0" hostname="jianwen" id="0" name="Mummy" package="Rui" skipped="0" tests="1" time="8.656" timestamp="2017-04-13T02:10:50">
      <properties>
[...]
</properties>

      <testcase classname="Rui.Mummy" name="test[0]" time="7.031" />

      <system-out><![CDATA[]]></system-out>

      <system-err><![CDATA[Starting ChromeDriver 2.29.461591 (62ebf098771772160f391d75e589dc567915b233) on port 64872
Only local connections are allowed.
]]></system-err>

  </testsuite>
</testsuites>
